<?xml version="1.0" encoding="UTF-8"?>
<!-- Generated by org.testng.reporters.JUnitXMLReporter -->
<testsuite ignored="6" hostname="C02DX0YDMD6N.local" failures="0" tests="4" name="Test" time="10.984" errors="0" timestamp="2022-07-20T13:18:16 CEST">
  <testcase classname="tests.rest.TC001_SearchProject" name="searchProject" time="1.287"/>
  <testcase classname="tests.rest.TC002_CreateIssue" name="createIssue" time="7.965"/>
  <testcase classname="tests.rest.TC002_DeleteIssue1" name="deleteIssue" time="0.859"/>
  <testcase classname="tests.rest.TC002_updateIssue1" name="updateIssue" time="0.845"/>
  <testcase classname="lib.rest.PreAndTest" name="@BeforeSuite beforeSuite" time="0.0">
    <ignored/>
  </testcase> <!-- @BeforeSuite beforeSuite -->
  <testcase classname="lib.rest.PreAndTest" name="@BeforeSuite beforeSuite" time="0.0">
    <ignored/>
  </testcase> <!-- @BeforeSuite beforeSuite -->
  <testcase classname="lib.rest.PreAndTest" name="@BeforeSuite beforeSuite" time="0.0">
    <ignored/>
  </testcase> <!-- @BeforeSuite beforeSuite -->
  <testcase classname="lib.rest.PreAndTest" name="@AfterSuite afterSuite" time="0.0">
    <ignored/>
  </testcase> <!-- @AfterSuite afterSuite -->
  <testcase classname="lib.rest.PreAndTest" name="@AfterSuite afterSuite" time="0.0">
    <ignored/>
  </testcase> <!-- @AfterSuite afterSuite -->
  <testcase classname="lib.rest.PreAndTest" name="@AfterSuite afterSuite" time="0.0">
    <ignored/>
  </testcase> <!-- @AfterSuite afterSuite -->
</testsuite> <!-- Test -->
